Performing C SOURCE FILE Test CMAKE_HAVE_LIBC_PTHREAD failed with the following output:
Change Dir: /media/iaitech/DATA/programs/20221212/CMakeFiles/CMakeTmp

Run Build Command(s):/usr/bin/make -f Makefile cmTC_9910d/fast && /usr/bin/make  -f CMakeFiles/cmTC_9910d.dir/build.make CMakeFiles/cmTC_9910d.dir/build
make[1]: Entering directory '/media/iaitech/DATA/programs/20221212/CMakeFiles/CMakeTmp'
Building C object CMakeFiles/cmTC_9910d.dir/src.c.o
/usr/bin/cc -DCMAKE_HAVE_LIBC_PTHREAD  -fPIC  -o CMakeFiles/cmTC_9910d.dir/src.c.o -c /media/iaitech/DATA/programs/20221212/CMakeFiles/CMakeTmp/src.c
Linking C executable cmTC_9910d
/usr/local/bin/cmake -E cmake_link_script CMakeFiles/cmTC_9910d.dir/link.txt --verbose=1
/usr/bin/cc -fPIC  -rdynamic CMakeFiles/cmTC_9910d.dir/src.c.o -o cmTC_9910d 
/usr/bin/ld: CMakeFiles/cmTC_9910d.dir/src.c.o: in function `main':
src.c:(.text+0x46): undefined reference to `pthread_create'
/usr/bin/ld: src.c:(.text+0x52): undefined reference to `pthread_detach'
/usr/bin/ld: src.c:(.text+0x5e): undefined reference to `pthread_cancel'
/usr/bin/ld: src.c:(.text+0x6f): undefined reference to `pthread_join'
collect2: error: ld returned 1 exit status
make[1]: *** [CMakeFiles/cmTC_9910d.dir/build.make:99: cmTC_9910d] Error 1
make[1]: Leaving directory '/media/iaitech/DATA/programs/20221212/CMakeFiles/CMakeTmp'
make: *** [Makefile:127: cmTC_9910d/fast] Error 2


Source file was:
#include <pthread.h>

static void* test_func(void* data)
{
  return data;
}

int main(void)
{
  pthread_t thread;
  pthread_create(&thread, NULL, test_func, NULL);
  pthread_detach(thread);
  pthread_cancel(thread);
  pthread_join(thread, NULL);
  pthread_atfork(NULL, NULL, NULL);
  pthread_exit(NULL);

  return 0;
}

Determining if the function pthread_create exists in the pthreads failed with the following output:
Change Dir: /media/iaitech/DATA/programs/20221212/CMakeFiles/CMakeTmp

Run Build Command(s):/usr/bin/make -f Makefile cmTC_24d28/fast && /usr/bin/make  -f CMakeFiles/cmTC_24d28.dir/build.make CMakeFiles/cmTC_24d28.dir/build
make[1]: Entering directory '/media/iaitech/DATA/programs/20221212/CMakeFiles/CMakeTmp'
Building C object CMakeFiles/cmTC_24d28.dir/CheckFunctionExists.c.o
/usr/bin/cc   -fPIC -DCHECK_FUNCTION_EXISTS=pthread_create -o CMakeFiles/cmTC_24d28.dir/CheckFunctionExists.c.o -c /usr/local/share/cmake-3.24/Modules/CheckFunctionExists.c
Linking C executable cmTC_24d28
/usr/local/bin/cmake -E cmake_link_script CMakeFiles/cmTC_24d28.dir/link.txt --verbose=1
/usr/bin/cc -fPIC -DCHECK_FUNCTION_EXISTS=pthread_create -rdynamic CMakeFiles/cmTC_24d28.dir/CheckFunctionExists.c.o -o cmTC_24d28  -lpthreads 
/usr/bin/ld: cannot find -lpthreads
collect2: error: ld returned 1 exit status
make[1]: *** [CMakeFiles/cmTC_24d28.dir/build.make:99: cmTC_24d28] Error 1
make[1]: Leaving directory '/media/iaitech/DATA/programs/20221212/CMakeFiles/CMakeTmp'
make: *** [Makefile:127: cmTC_24d28/fast] Error 2



